2020-05-24 14:51:55.201  INFO 87908 --- [restartedMain] com.pma.app.AppApplication               : Starting AppApplication on Fofanas-MacBook-Air.local with PID 87908 (/Users/Elimane/PMA/target/classes started by Elimane in /Users/Elimane/PMA)
2020-05-24 14:51:55.202 DEBUG 87908 --- [restartedMain] com.pma.app.AppApplication               : Running with Spring Boot v2.2.6.RELEASE, Spring v5.2.5.RELEASE
2020-05-24 14:51:55.202  INFO 87908 --- [restartedMain] com.pma.app.AppApplication               : The following profiles are active: dev
2020-05-24 14:51:55.522  INFO 87908 --- [restartedMain] .s.d.r.c.RepositoryConfigurationDelegate : Bootstrapping Spring Data JPA repositories in DEFAULT mode.
2020-05-24 14:51:55.550  INFO 87908 --- [restartedMain] .s.d.r.c.RepositoryConfigurationDelegate : Finished Spring Data repository scanning in 24ms. Found 2 JPA repository interfaces.
2020-05-24 14:51:55.797  INFO 87908 --- [restartedMain] o.s.b.w.embedded.tomcat.TomcatWebServer  : Tomcat initialized with port(s): 8080 (http)
2020-05-24 14:51:55.814  INFO 87908 --- [restartedMain] o.s.web.context.ContextLoader            : Root WebApplicationContext: initialization completed in 609 ms
2020-05-24 14:51:55.856  INFO 87908 --- [restartedMain] o.s.b.a.h2.H2ConsoleAutoConfiguration    : H2 console available at '/h2-console'. Database available at 'jdbc:h2:mem:testdb'
2020-05-24 14:51:56.127  WARN 87908 --- [restartedMain] o.h.t.s.i.e.ScriptSourceInputFromFile    : Specified schema generation script file [drop.sql] did not exist for reading
2020-05-24 14:51:56.156  INFO 87908 --- [restartedMain] j.LocalContainerEntityManagerFactoryBean : Initialized JPA EntityManagerFactory for persistence unit 'default'
2020-05-24 14:51:56.229  INFO 87908 --- [restartedMain] o.s.b.d.a.OptionalLiveReloadServer       : LiveReload server is running on port 35729
2020-05-24 14:51:56.498  WARN 87908 --- [restartedMain] JpaBaseConfiguration$JpaWebConfiguration : spring.jpa.open-in-view is enabled by default. Therefore, database queries may be performed during view rendering. Explicitly configure spring.jpa.open-in-view to disable this warning
2020-05-24 14:51:56.686  INFO 87908 --- [restartedMain] o.s.s.concurrent.ThreadPoolTaskExecutor  : Initializing ExecutorService 'applicationTaskExecutor'
2020-05-24 14:51:57.053  INFO 87908 --- [restartedMain] o.s.b.w.embedded.tomcat.TomcatWebServer  : Tomcat started on port(s): 8080 (http) with context path ''
2020-05-24 14:51:57.054  INFO 87908 --- [restartedMain] com.pma.app.AppApplication               : Started AppApplication in 1.907 seconds (JVM running for 394.356)
2020-05-24 14:51:57.056  INFO 87908 --- [restartedMain] .ConditionEvaluationDeltaLoggingListener : Condition evaluation unchanged
2020-05-24 14:52:25.621  INFO 87908 --- [Thread-24] o.s.s.concurrent.ThreadPoolTaskExecutor  : Shutting down ExecutorService 'applicationTaskExecutor'
2020-05-24 14:52:25.622  INFO 87908 --- [Thread-24] j.LocalContainerEntityManagerFactoryBean : Closing JPA EntityManagerFactory for persistence unit 'default'
2020-05-24 14:52:25.827  WARN 87908 --- [Thread-24] o.s.b.f.support.DisposableBeanAdapter    : Invocation of destroy method failed on bean with name 'inMemoryDatabaseShutdownExecutor': org.h2.jdbc.JdbcSQLNonTransientConnectionException: Database is already closed (to disable automatic closing at VM shutdown, add ";DB_CLOSE_ON_EXIT=FALSE" to the db URL) [90121-200]
2020-05-24 14:52:25,955  INFO 87908 --- [restartedMain] com.pma.app.AppApplication               : Starting AppApplication on Fofanas-MacBook-Air.local with PID 87908 (/Users/Elimane/PMA/target/classes started by Elimane in /Users/Elimane/PMA)
2020-05-24 14:52:25,955 DEBUG 87908 --- [restartedMain] com.pma.app.AppApplication               : Running with Spring Boot v2.2.6.RELEASE, Spring v5.2.5.RELEASE
2020-05-24 14:52:25,955  INFO 87908 --- [restartedMain] com.pma.app.AppApplication               : The following profiles are active: dev
2020-05-24 14:52:26,496  INFO 87908 --- [restartedMain] .s.d.r.c.RepositoryConfigurationDelegate : Bootstrapping Spring Data JPA repositories in DEFAULT mode.
2020-05-24 14:52:26,532  INFO 87908 --- [restartedMain] .s.d.r.c.RepositoryConfigurationDelegate : Finished Spring Data repository scanning in 36ms. Found 2 JPA repository interfaces.
2020-05-24 14:52:26,834  INFO 87908 --- [restartedMain] o.s.b.w.embedded.tomcat.TomcatWebServer  : Tomcat initialized with port(s): 8080 (http)
2020-05-24 14:52:26,857  INFO 87908 --- [restartedMain] o.s.web.context.ContextLoader            : Root WebApplicationContext: initialization completed in 899 ms
2020-05-24 14:52:26,905  INFO 87908 --- [restartedMain] o.s.b.a.h2.H2ConsoleAutoConfiguration    : H2 console available at '/h2-console'. Database available at 'jdbc:h2:mem:testdb'
2020-05-24 14:52:27,209  WARN 87908 --- [restartedMain] o.h.t.s.i.e.ScriptSourceInputFromFile    : Specified schema generation script file [drop.sql] did not exist for reading
2020-05-24 14:52:27,225  INFO 87908 --- [restartedMain] j.LocalContainerEntityManagerFactoryBean : Initialized JPA EntityManagerFactory for persistence unit 'default'
2020-05-24 14:52:27,243  INFO 87908 --- [restartedMain] o.s.b.d.a.OptionalLiveReloadServer       : LiveReload server is running on port 35729
2020-05-24 14:52:27,381  WARN 87908 --- [restartedMain] JpaBaseConfiguration$JpaWebConfiguration : spring.jpa.open-in-view is enabled by default. Therefore, database queries may be performed during view rendering. Explicitly configure spring.jpa.open-in-view to disable this warning
2020-05-24 14:52:27,473  INFO 87908 --- [restartedMain] o.s.s.concurrent.ThreadPoolTaskExecutor  : Initializing ExecutorService 'applicationTaskExecutor'
2020-05-24 14:52:27,673  INFO 87908 --- [restartedMain] o.s.b.w.embedded.tomcat.TomcatWebServer  : Tomcat started on port(s): 8080 (http) with context path ''
2020-05-24 14:52:27,674  INFO 87908 --- [restartedMain] com.pma.app.AppApplication               : Started AppApplication in 1.752 seconds (JVM running for 424.976)
2020-05-24 14:52:27,676  INFO 87908 --- [restartedMain] .ConditionEvaluationDeltaLoggingListener : Condition evaluation unchanged
2020-05-24 14:52:47,179  INFO 87908 --- [Thread-29] o.s.s.concurrent.ThreadPoolTaskExecutor  : Shutting down ExecutorService 'applicationTaskExecutor'
2020-05-24 14:52:47,182  INFO 87908 --- [Thread-29] j.LocalContainerEntityManagerFactoryBean : Closing JPA EntityManagerFactory for persistence unit 'default'
2020-05-24 14:52:47,385  WARN 87908 --- [Thread-29] o.s.b.f.support.DisposableBeanAdapter    : Invocation of destroy method failed on bean with name 'inMemoryDatabaseShutdownExecutor': org.h2.jdbc.JdbcSQLNonTransientConnectionException: Database is already closed (to disable automatic closing at VM shutdown, add ";DB_CLOSE_ON_EXIT=FALSE" to the db URL) [90121-200]
20-52-24  INFO 87908 --- [restartedMain] com.pma.app.AppApplication               : Starting AppApplication on Fofanas-MacBook-Air.local with PID 87908 (/Users/Elimane/PMA/target/classes started by Elimane in /Users/Elimane/PMA)
20-52-24 DEBUG 87908 --- [restartedMain] com.pma.app.AppApplication               : Running with Spring Boot v2.2.6.RELEASE, Spring v5.2.5.RELEASE
20-52-24  INFO 87908 --- [restartedMain] com.pma.app.AppApplication               : The following profiles are active: dev
20-52-24  INFO 87908 --- [restartedMain] .s.d.r.c.RepositoryConfigurationDelegate : Bootstrapping Spring Data JPA repositories in DEFAULT mode.
20-52-24  INFO 87908 --- [restartedMain] .s.d.r.c.RepositoryConfigurationDelegate : Finished Spring Data repository scanning in 16ms. Found 2 JPA repository interfaces.
20-52-24  INFO 87908 --- [restartedMain] o.s.b.w.embedded.tomcat.TomcatWebServer  : Tomcat initialized with port(s): 8080 (http)
20-52-24  INFO 87908 --- [restartedMain] o.s.web.context.ContextLoader            : Root WebApplicationContext: initialization completed in 760 ms
20-52-24  INFO 87908 --- [restartedMain] o.s.b.a.h2.H2ConsoleAutoConfiguration    : H2 console available at '/h2-console'. Database available at 'jdbc:h2:mem:testdb'
20-52-24  WARN 87908 --- [restartedMain] o.h.t.s.i.e.ScriptSourceInputFromFile    : Specified schema generation script file [drop.sql] did not exist for reading
20-52-24  INFO 87908 --- [restartedMain] j.LocalContainerEntityManagerFactoryBean : Initialized JPA EntityManagerFactory for persistence unit 'default'
20-52-24  INFO 87908 --- [restartedMain] o.s.b.d.a.OptionalLiveReloadServer       : LiveReload server is running on port 35729
20-52-24  WARN 87908 --- [restartedMain] JpaBaseConfiguration$JpaWebConfiguration : spring.jpa.open-in-view is enabled by default. Therefore, database queries may be performed during view rendering. Explicitly configure spring.jpa.open-in-view to disable this warning
20-52-24  INFO 87908 --- [restartedMain] o.s.s.concurrent.ThreadPoolTaskExecutor  : Initializing ExecutorService 'applicationTaskExecutor'
20-52-24  INFO 87908 --- [restartedMain] o.s.b.w.embedded.tomcat.TomcatWebServer  : Tomcat started on port(s): 8080 (http) with context path ''
20-52-24  INFO 87908 --- [restartedMain] com.pma.app.AppApplication               : Started AppApplication in 1.991 seconds (JVM running for 446.783)
20-52-24  INFO 87908 --- [restartedMain] .ConditionEvaluationDeltaLoggingListener : Condition evaluation unchanged
20-53-24  INFO 87908 --- [SpringContextShutdownHook] o.s.s.concurrent.ThreadPoolTaskExecutor  : Shutting down ExecutorService 'applicationTaskExecutor'
20-53-24  INFO 87908 --- [SpringContextShutdownHook] j.LocalContainerEntityManagerFactoryBean : Closing JPA EntityManagerFactory for persistence unit 'default'
20-53-24  WARN 87908 --- [SpringContextShutdownHook] o.s.b.f.support.DisposableBeanAdapter    : Invocation of destroy method failed on bean with name 'inMemoryDatabaseShutdownExecutor': org.h2.jdbc.JdbcSQLNonTransientConnectionException: Database is already closed (to disable automatic closing at VM shutdown, add ";DB_CLOSE_ON_EXIT=FALSE" to the db URL) [90121-200]
20-53-24  INFO 88581 --- [restartedMain] com.pma.app.AppApplication               : Starting AppApplication on Fofanas-MacBook-Air.local with PID 88581 (/Users/Elimane/PMA/target/classes started by Elimane in /Users/Elimane/PMA)
20-53-24 DEBUG 88581 --- [restartedMain] com.pma.app.AppApplication               : Running with Spring Boot v2.2.6.RELEASE, Spring v5.2.5.RELEASE
20-53-24  INFO 88581 --- [restartedMain] com.pma.app.AppApplication               : The following profiles are active: dev
20-53-24  INFO 88581 --- [restartedMain] o.s.b.devtools.restart.ChangeableUrls    : The Class-Path manifest attribute in /Users/Elimane/.m2/repository/org/glassfish/jaxb/jaxb-runtime/2.3.2/jaxb-runtime-2.3.2.jar referenced one or more files that do not exist: file:/Users/Elimane/.m2/repository/org/glassfish/jaxb/jaxb-runtime/2.3.2/jakarta.xml.bind-api-2.3.2.jar,file:/Users/Elimane/.m2/repository/org/glassfish/jaxb/jaxb-runtime/2.3.2/txw2-2.3.2.jar,file:/Users/Elimane/.m2/repository/org/glassfish/jaxb/jaxb-runtime/2.3.2/istack-commons-runtime-3.0.8.jar,file:/Users/Elimane/.m2/repository/org/glassfish/jaxb/jaxb-runtime/2.3.2/stax-ex-1.8.1.jar,file:/Users/Elimane/.m2/repository/org/glassfish/jaxb/jaxb-runtime/2.3.2/FastInfoset-1.2.16.jar,file:/Users/Elimane/.m2/repository/org/glassfish/jaxb/jaxb-runtime/2.3.2/jakarta.activation-api-1.2.1.jar
20-53-24  INFO 88581 --- [restartedMain] .e.DevToolsPropertyDefaultsPostProcessor : Devtools property defaults active! Set 'spring.devtools.add-properties' to 'false' to disable
20-53-24  INFO 88581 --- [restartedMain] .e.DevToolsPropertyDefaultsPostProcessor : For additional web related logging consider setting the 'logging.level.web' property to 'DEBUG'
20-53-24  INFO 88581 --- [restartedMain] .s.d.r.c.RepositoryConfigurationDelegate : Bootstrapping Spring Data JPA repositories in DEFAULT mode.
20-53-24  INFO 88581 --- [restartedMain] .s.d.r.c.RepositoryConfigurationDelegate : Finished Spring Data repository scanning in 270ms. Found 2 JPA repository interfaces.
20-53-24  INFO 88581 --- [restartedMain] o.s.b.w.embedded.tomcat.TomcatWebServer  : Tomcat initialized with port(s): 8080 (http)
20-53-24  INFO 88581 --- [restartedMain] o.s.web.context.ContextLoader            : Root WebApplicationContext: initialization completed in 5733 ms
20-53-24  INFO 88581 --- [restartedMain] o.s.b.a.h2.H2ConsoleAutoConfiguration    : H2 console available at '/h2-console'. Database available at 'jdbc:h2:mem:testdb'
20-53-24  WARN 88581 --- [restartedMain] o.h.t.s.i.e.ScriptSourceInputFromFile    : Specified schema generation script file [drop.sql] did not exist for reading
20-53-24  INFO 88581 --- [restartedMain] j.LocalContainerEntityManagerFactoryBean : Initialized JPA EntityManagerFactory for persistence unit 'default'
20-53-24  INFO 88581 --- [restartedMain] o.s.b.d.a.OptionalLiveReloadServer       : LiveReload server is running on port 35729
20-53-24  WARN 88581 --- [restartedMain] JpaBaseConfiguration$JpaWebConfiguration : spring.jpa.open-in-view is enabled by default. Therefore, database queries may be performed during view rendering. Explicitly configure spring.jpa.open-in-view to disable this warning
20-53-24  INFO 88581 --- [restartedMain] o.s.s.concurrent.ThreadPoolTaskExecutor  : Initializing ExecutorService 'applicationTaskExecutor'
20-53-24  INFO 88581 --- [restartedMain] o.s.b.w.embedded.tomcat.TomcatWebServer  : Tomcat started on port(s): 8080 (http) with context path ''
20-53-24  INFO 88581 --- [restartedMain] com.pma.app.AppApplication               : Started AppApplication in 14.125 seconds (JVM running for 16.823)
20-53-24  INFO 88581 --- [Thread-5] o.s.s.concurrent.ThreadPoolTaskExecutor  : Shutting down ExecutorService 'applicationTaskExecutor'
20-53-24  INFO 88581 --- [Thread-5] j.LocalContainerEntityManagerFactoryBean : Closing JPA EntityManagerFactory for persistence unit 'default'
20-53-24  WARN 88581 --- [Thread-5] o.s.b.f.support.DisposableBeanAdapter    : Invocation of destroy method failed on bean with name 'inMemoryDatabaseShutdownExecutor': org.h2.jdbc.JdbcSQLNonTransientConnectionException: Database is already closed (to disable automatic closing at VM shutdown, add ";DB_CLOSE_ON_EXIT=FALSE" to the db URL) [90121-200]
20-53-24  INFO 88581 --- [restartedMain] com.pma.app.AppApplication               : Starting AppApplication on Fofanas-MacBook-Air.local with PID 88581 (/Users/Elimane/PMA/target/classes started by Elimane in /Users/Elimane/PMA)
20-53-24 DEBUG 88581 --- [restartedMain] com.pma.app.AppApplication               : Running with Spring Boot v2.2.6.RELEASE, Spring v5.2.5.RELEASE
20-53-24  INFO 88581 --- [restartedMain] com.pma.app.AppApplication               : The following profiles are active: dev
20-53-24  INFO 88581 --- [restartedMain] .s.d.r.c.RepositoryConfigurationDelegate : Bootstrapping Spring Data JPA repositories in DEFAULT mode.
20-53-24  INFO 88581 --- [restartedMain] .s.d.r.c.RepositoryConfigurationDelegate : Finished Spring Data repository scanning in 19ms. Found 2 JPA repository interfaces.
20-53-24  INFO 88581 --- [restartedMain] o.s.b.w.embedded.tomcat.TomcatWebServer  : Tomcat initialized with port(s): 8080 (http)
20-53-24  INFO 88581 --- [restartedMain] o.s.web.context.ContextLoader            : Root WebApplicationContext: initialization completed in 1129 ms
20-53-24  INFO 88581 --- [restartedMain] o.s.b.a.h2.H2ConsoleAutoConfiguration    : H2 console available at '/h2-console'. Database available at 'jdbc:h2:mem:testdb'
20-54-24  WARN 88581 --- [restartedMain] o.h.t.s.i.e.ScriptSourceInputFromFile    : Specified schema generation script file [drop.sql] did not exist for reading
20-54-24  INFO 88581 --- [restartedMain] j.LocalContainerEntityManagerFactoryBean : Initialized JPA EntityManagerFactory for persistence unit 'default'
20-54-24  INFO 88581 --- [restartedMain] o.s.b.d.a.OptionalLiveReloadServer       : LiveReload server is running on port 35729
20-54-24  WARN 88581 --- [restartedMain] JpaBaseConfiguration$JpaWebConfiguration : spring.jpa.open-in-view is enabled by default. Therefore, database queries may be performed during view rendering. Explicitly configure spring.jpa.open-in-view to disable this warning
20-54-24  INFO 88581 --- [restartedMain] o.s.s.concurrent.ThreadPoolTaskExecutor  : Initializing ExecutorService 'applicationTaskExecutor'
20-54-24  INFO 88581 --- [restartedMain] o.s.b.w.embedded.tomcat.TomcatWebServer  : Tomcat started on port(s): 8080 (http) with context path ''
20-54-24  INFO 88581 --- [restartedMain] com.pma.app.AppApplication               : Started AppApplication in 3.155 seconds (JVM running for 55.855)
20-54-24  INFO 88581 --- [restartedMain] .ConditionEvaluationDeltaLoggingListener : Condition evaluation unchanged
20-55-24  INFO 88581 --- [SpringContextShutdownHook] o.s.s.concurrent.ThreadPoolTaskExecutor  : Shutting down ExecutorService 'applicationTaskExecutor'
20-55-24  INFO 88581 --- [SpringContextShutdownHook] j.LocalContainerEntityManagerFactoryBean : Closing JPA EntityManagerFactory for persistence unit 'default'
20-55-24  WARN 88581 --- [SpringContextShutdownHook] o.s.b.f.support.DisposableBeanAdapter    : Invocation of destroy method failed on bean with name 'inMemoryDatabaseShutdownExecutor': org.h2.jdbc.JdbcSQLNonTransientConnectionException: Database is already closed (to disable automatic closing at VM shutdown, add ";DB_CLOSE_ON_EXIT=FALSE" to the db URL) [90121-200]
2020-55-24  INFO 88753 --- [restartedMain] com.pma.app.AppApplication               : Starting AppApplication on Fofanas-MacBook-Air.local with PID 88753 (/Users/Elimane/PMA/target/classes started by Elimane in /Users/Elimane/PMA)
2020-55-24 DEBUG 88753 --- [restartedMain] com.pma.app.AppApplication               : Running with Spring Boot v2.2.6.RELEASE, Spring v5.2.5.RELEASE
2020-55-24  INFO 88753 --- [restartedMain] com.pma.app.AppApplication               : The following profiles are active: dev
2020-55-24  INFO 88753 --- [restartedMain] o.s.b.devtools.restart.ChangeableUrls    : The Class-Path manifest attribute in /Users/Elimane/.m2/repository/org/glassfish/jaxb/jaxb-runtime/2.3.2/jaxb-runtime-2.3.2.jar referenced one or more files that do not exist: file:/Users/Elimane/.m2/repository/org/glassfish/jaxb/jaxb-runtime/2.3.2/jakarta.xml.bind-api-2.3.2.jar,file:/Users/Elimane/.m2/repository/org/glassfish/jaxb/jaxb-runtime/2.3.2/txw2-2.3.2.jar,file:/Users/Elimane/.m2/repository/org/glassfish/jaxb/jaxb-runtime/2.3.2/istack-commons-runtime-3.0.8.jar,file:/Users/Elimane/.m2/repository/org/glassfish/jaxb/jaxb-runtime/2.3.2/stax-ex-1.8.1.jar,file:/Users/Elimane/.m2/repository/org/glassfish/jaxb/jaxb-runtime/2.3.2/FastInfoset-1.2.16.jar,file:/Users/Elimane/.m2/repository/org/glassfish/jaxb/jaxb-runtime/2.3.2/jakarta.activation-api-1.2.1.jar
2020-55-24  INFO 88753 --- [restartedMain] .e.DevToolsPropertyDefaultsPostProcessor : Devtools property defaults active! Set 'spring.devtools.add-properties' to 'false' to disable
2020-55-24  INFO 88753 --- [restartedMain] .e.DevToolsPropertyDefaultsPostProcessor : For additional web related logging consider setting the 'logging.level.web' property to 'DEBUG'
2020-55-24  INFO 88753 --- [restartedMain] .s.d.r.c.RepositoryConfigurationDelegate : Bootstrapping Spring Data JPA repositories in DEFAULT mode.
2020-55-24  INFO 88753 --- [restartedMain] .s.d.r.c.RepositoryConfigurationDelegate : Finished Spring Data repository scanning in 129ms. Found 2 JPA repository interfaces.
2020-55-24  INFO 88753 --- [restartedMain] o.s.b.w.embedded.tomcat.TomcatWebServer  : Tomcat initialized with port(s): 8080 (http)
2020-55-24  INFO 88753 --- [restartedMain] o.s.web.context.ContextLoader            : Root WebApplicationContext: initialization completed in 3254 ms
2020-55-24  INFO 88753 --- [restartedMain] o.s.b.a.h2.H2ConsoleAutoConfiguration    : H2 console available at '/h2-console'. Database available at 'jdbc:h2:mem:testdb'
2020-55-24  WARN 88753 --- [restartedMain] o.h.t.s.i.e.ScriptSourceInputFromFile    : Specified schema generation script file [drop.sql] did not exist for reading
2020-55-24  INFO 88753 --- [restartedMain] j.LocalContainerEntityManagerFactoryBean : Initialized JPA EntityManagerFactory for persistence unit 'default'
2020-55-24  INFO 88753 --- [restartedMain] o.s.b.d.a.OptionalLiveReloadServer       : LiveReload server is running on port 35729
2020-55-24  WARN 88753 --- [restartedMain] JpaBaseConfiguration$JpaWebConfiguration : spring.jpa.open-in-view is enabled by default. Therefore, database queries may be performed during view rendering. Explicitly configure spring.jpa.open-in-view to disable this warning
2020-55-24  INFO 88753 --- [restartedMain] o.s.s.concurrent.ThreadPoolTaskExecutor  : Initializing ExecutorService 'applicationTaskExecutor'
2020-55-24  INFO 88753 --- [restartedMain] o.s.b.w.embedded.tomcat.TomcatWebServer  : Tomcat started on port(s): 8080 (http) with context path ''
2020-55-24  INFO 88753 --- [restartedMain] com.pma.app.AppApplication               : Started AppApplication in 6.104 seconds (JVM running for 7.97)
2020-55-24  INFO 88753 --- [SpringContextShutdownHook] o.s.s.concurrent.ThreadPoolTaskExecutor  : Shutting down ExecutorService 'applicationTaskExecutor'
2020-55-24  INFO 88753 --- [SpringContextShutdownHook] j.LocalContainerEntityManagerFactoryBean : Closing JPA EntityManagerFactory for persistence unit 'default'
2020-55-24  WARN 88753 --- [SpringContextShutdownHook] o.s.b.f.support.DisposableBeanAdapter    : Invocation of destroy method failed on bean with name 'inMemoryDatabaseShutdownExecutor': org.h2.jdbc.JdbcSQLNonTransientConnectionException: Database is already closed (to disable automatic closing at VM shutdown, add ";DB_CLOSE_ON_EXIT=FALSE" to the db URL) [90121-200]
2020-05-24  INFO 88789 --- [restartedMain] com.pma.app.AppApplication               : Starting AppApplication on Fofanas-MacBook-Air.local with PID 88789 (/Users/Elimane/PMA/target/classes started by Elimane in /Users/Elimane/PMA)
2020-05-24 DEBUG 88789 --- [restartedMain] com.pma.app.AppApplication               : Running with Spring Boot v2.2.6.RELEASE, Spring v5.2.5.RELEASE
2020-05-24  INFO 88789 --- [restartedMain] com.pma.app.AppApplication               : The following profiles are active: dev
2020-05-24  INFO 88789 --- [restartedMain] o.s.b.devtools.restart.ChangeableUrls    : The Class-Path manifest attribute in /Users/Elimane/.m2/repository/org/glassfish/jaxb/jaxb-runtime/2.3.2/jaxb-runtime-2.3.2.jar referenced one or more files that do not exist: file:/Users/Elimane/.m2/repository/org/glassfish/jaxb/jaxb-runtime/2.3.2/jakarta.xml.bind-api-2.3.2.jar,file:/Users/Elimane/.m2/repository/org/glassfish/jaxb/jaxb-runtime/2.3.2/txw2-2.3.2.jar,file:/Users/Elimane/.m2/repository/org/glassfish/jaxb/jaxb-runtime/2.3.2/istack-commons-runtime-3.0.8.jar,file:/Users/Elimane/.m2/repository/org/glassfish/jaxb/jaxb-runtime/2.3.2/stax-ex-1.8.1.jar,file:/Users/Elimane/.m2/repository/org/glassfish/jaxb/jaxb-runtime/2.3.2/FastInfoset-1.2.16.jar,file:/Users/Elimane/.m2/repository/org/glassfish/jaxb/jaxb-runtime/2.3.2/jakarta.activation-api-1.2.1.jar
2020-05-24  INFO 88789 --- [restartedMain] .e.DevToolsPropertyDefaultsPostProcessor : Devtools property defaults active! Set 'spring.devtools.add-properties' to 'false' to disable
2020-05-24  INFO 88789 --- [restartedMain] .e.DevToolsPropertyDefaultsPostProcessor : For additional web related logging consider setting the 'logging.level.web' property to 'DEBUG'
2020-05-24  INFO 88789 --- [restartedMain] .s.d.r.c.RepositoryConfigurationDelegate : Bootstrapping Spring Data JPA repositories in DEFAULT mode.
2020-05-24  INFO 88789 --- [restartedMain] .s.d.r.c.RepositoryConfigurationDelegate : Finished Spring Data repository scanning in 65ms. Found 2 JPA repository interfaces.
2020-05-24  INFO 88789 --- [restartedMain] o.s.b.w.embedded.tomcat.TomcatWebServer  : Tomcat initialized with port(s): 8080 (http)
2020-05-24  INFO 88789 --- [restartedMain] o.s.web.context.ContextLoader            : Root WebApplicationContext: initialization completed in 3143 ms
2020-05-24  INFO 88789 --- [restartedMain] o.s.b.a.h2.H2ConsoleAutoConfiguration    : H2 console available at '/h2-console'. Database available at 'jdbc:h2:mem:testdb'
2020-05-24  WARN 88789 --- [restartedMain] o.h.t.s.i.e.ScriptSourceInputFromFile    : Specified schema generation script file [drop.sql] did not exist for reading
2020-05-24  INFO 88789 --- [restartedMain] j.LocalContainerEntityManagerFactoryBean : Initialized JPA EntityManagerFactory for persistence unit 'default'
2020-05-24  INFO 88789 --- [restartedMain] o.s.b.d.a.OptionalLiveReloadServer       : LiveReload server is running on port 35729
2020-05-24  WARN 88789 --- [restartedMain] JpaBaseConfiguration$JpaWebConfiguration : spring.jpa.open-in-view is enabled by default. Therefore, database queries may be performed during view rendering. Explicitly configure spring.jpa.open-in-view to disable this warning
2020-05-24  INFO 88789 --- [restartedMain] o.s.s.concurrent.ThreadPoolTaskExecutor  : Initializing ExecutorService 'applicationTaskExecutor'
2020-05-24  INFO 88789 --- [restartedMain] o.s.b.w.embedded.tomcat.TomcatWebServer  : Tomcat started on port(s): 8080 (http) with context path ''
2020-05-24  INFO 88789 --- [restartedMain] com.pma.app.AppApplication               : Started AppApplication in 6.422 seconds (JVM running for 8.49)
2020-05-24  INFO 88789 --- [SpringContextShutdownHook] o.s.s.concurrent.ThreadPoolTaskExecutor  : Shutting down ExecutorService 'applicationTaskExecutor'
2020-05-24  INFO 88789 --- [SpringContextShutdownHook] j.LocalContainerEntityManagerFactoryBean : Closing JPA EntityManagerFactory for persistence unit 'default'
2020-05-24  WARN 88789 --- [SpringContextShutdownHook] o.s.b.f.support.DisposableBeanAdapter    : Invocation of destroy method failed on bean with name 'inMemoryDatabaseShutdownExecutor': org.h2.jdbc.JdbcSQLNonTransientConnectionException: Database is already closed (to disable automatic closing at VM shutdown, add ";DB_CLOSE_ON_EXIT=FALSE" to the db URL) [90121-200]
2020-05-24 14:56:00.256  INFO 88835 --- [restartedMain] com.pma.app.AppApplication               : Starting AppApplication on Fofanas-MacBook-Air.local with PID 88835 (/Users/Elimane/PMA/target/classes started by Elimane in /Users/Elimane/PMA)
2020-05-24 14:56:00.259 DEBUG 88835 --- [restartedMain] com.pma.app.AppApplication               : Running with Spring Boot v2.2.6.RELEASE, Spring v5.2.5.RELEASE
2020-05-24 14:56:00.260  INFO 88835 --- [restartedMain] com.pma.app.AppApplication               : The following profiles are active: dev
2020-05-24 14:56:00.321  INFO 88835 --- [restartedMain] o.s.b.devtools.restart.ChangeableUrls    : The Class-Path manifest attribute in /Users/Elimane/.m2/repository/org/glassfish/jaxb/jaxb-runtime/2.3.2/jaxb-runtime-2.3.2.jar referenced one or more files that do not exist: file:/Users/Elimane/.m2/repository/org/glassfish/jaxb/jaxb-runtime/2.3.2/jakarta.xml.bind-api-2.3.2.jar,file:/Users/Elimane/.m2/repository/org/glassfish/jaxb/jaxb-runtime/2.3.2/txw2-2.3.2.jar,file:/Users/Elimane/.m2/repository/org/glassfish/jaxb/jaxb-runtime/2.3.2/istack-commons-runtime-3.0.8.jar,file:/Users/Elimane/.m2/repository/org/glassfish/jaxb/jaxb-runtime/2.3.2/stax-ex-1.8.1.jar,file:/Users/Elimane/.m2/repository/org/glassfish/jaxb/jaxb-runtime/2.3.2/FastInfoset-1.2.16.jar,file:/Users/Elimane/.m2/repository/org/glassfish/jaxb/jaxb-runtime/2.3.2/jakarta.activation-api-1.2.1.jar
2020-05-24 14:56:00.324  INFO 88835 --- [restartedMain] .e.DevToolsPropertyDefaultsPostProcessor : Devtools property defaults active! Set 'spring.devtools.add-properties' to 'false' to disable
2020-05-24 14:56:00.324  INFO 88835 --- [restartedMain] .e.DevToolsPropertyDefaultsPostProcessor : For additional web related logging consider setting the 'logging.level.web' property to 'DEBUG'
2020-05-24 14:56:01.237  INFO 88835 --- [restartedMain] .s.d.r.c.RepositoryConfigurationDelegate : Bootstrapping Spring Data JPA repositories in DEFAULT mode.
2020-05-24 14:56:01.311  INFO 88835 --- [restartedMain] .s.d.r.c.RepositoryConfigurationDelegate : Finished Spring Data repository scanning in 59ms. Found 2 JPA repository interfaces.
2020-05-24 14:56:02.599  INFO 88835 --- [restartedMain] o.s.b.w.embedded.tomcat.TomcatWebServer  : Tomcat initialized with port(s): 8080 (http)
2020-05-24 14:56:02.689  INFO 88835 --- [restartedMain] o.s.web.context.ContextLoader            : Root WebApplicationContext: initialization completed in 2363 ms
2020-05-24 14:56:02.846  INFO 88835 --- [restartedMain] o.s.b.a.h2.H2ConsoleAutoConfiguration    : H2 console available at '/h2-console'. Database available at 'jdbc:h2:mem:testdb'
2020-05-24 14:56:03.837  WARN 88835 --- [restartedMain] o.h.t.s.i.e.ScriptSourceInputFromFile    : Specified schema generation script file [drop.sql] did not exist for reading
2020-05-24 14:56:03.862  INFO 88835 --- [restartedMain] j.LocalContainerEntityManagerFactoryBean : Initialized JPA EntityManagerFactory for persistence unit 'default'
2020-05-24 14:56:03.888  INFO 88835 --- [restartedMain] o.s.b.d.a.OptionalLiveReloadServer       : LiveReload server is running on port 35729
2020-05-24 14:56:04.208  WARN 88835 --- [restartedMain] JpaBaseConfiguration$JpaWebConfiguration : spring.jpa.open-in-view is enabled by default. Therefore, database queries may be performed during view rendering. Explicitly configure spring.jpa.open-in-view to disable this warning
2020-05-24 14:56:04.315  INFO 88835 --- [restartedMain] o.s.s.concurrent.ThreadPoolTaskExecutor  : Initializing ExecutorService 'applicationTaskExecutor'
2020-05-24 14:56:04.566  INFO 88835 --- [restartedMain] o.s.b.w.embedded.tomcat.TomcatWebServer  : Tomcat started on port(s): 8080 (http) with context path ''
2020-05-24 14:56:04.571  INFO 88835 --- [restartedMain] com.pma.app.AppApplication               : Started AppApplication in 5.048 seconds (JVM running for 7.397)
